{"/Users/yura/Documents/project/todo_list_front/src/components/Button/Button.styled.tsx": {"path":"/Users/yura/Documents/project/todo_list_front/src/components/Button/Button.styled.tsx","statementMap":{"0":{"start":{"line":4,"column":28},"end":{"line":22,"column":1}},"1":{"start":{"line":5,"column":16},"end":{"line":5,"column":23}}},"fnMap":{"0":{"name":"(anonymous_0)","decl":{"start":{"line":5,"column":11},"end":{"line":5,"column":12}},"loc":{"start":{"line":5,"column":16},"end":{"line":5,"column":23}},"line":5}},"branchMap":{},"s":{"0":1,"1":3},"f":{"0":3},"b":{},"_coverageSchema":"1a1c01bbd47fc00a2c39e90264f33305004495a9","hash":"f24895ea00bb366993bffc809e0bd215a09c8197"}
,"/Users/yura/Documents/project/todo_list_front/src/components/Button/Button.tsx": {"path":"/Users/yura/Documents/project/todo_list_front/src/components/Button/Button.tsx","statementMap":{"0":{"start":{"line":4,"column":15},"end":{"line":10,"column":1}},"1":{"start":{"line":5,"column":2},"end":{"line":9,"column":4}}},"fnMap":{"0":{"name":"(anonymous_0)","decl":{"start":{"line":4,"column":15},"end":{"line":4,"column":16}},"loc":{"start":{"line":4,"column":81},"end":{"line":10,"column":1}},"line":4}},"branchMap":{"0":{"loc":{"start":{"line":4,"column":28},"end":{"line":4,"column":43}},"type":"default-arg","locations":[{"start":{"line":4,"column":35},"end":{"line":4,"column":43}}],"line":4},"1":{"loc":{"start":{"line":4,"column":54},"end":{"line":4,"column":65}},"type":"default-arg","locations":[{"start":{"line":4,"column":62},"end":{"line":4,"column":65}}],"line":4}},"s":{"0":1,"1":3},"f":{"0":3},"b":{"0":[3],"1":[2]},"_coverageSchema":"1a1c01bbd47fc00a2c39e90264f33305004495a9","hash":"716530321d43e0640eede6f9a52b8aeed86d3531"}
,"/Users/yura/Documents/project/todo_list_front/src/components/Button/index.ts": {"path":"/Users/yura/Documents/project/todo_list_front/src/components/Button/index.ts","statementMap":{},"fnMap":{},"branchMap":{},"s":{},"f":{},"b":{},"_coverageSchema":"1a1c01bbd47fc00a2c39e90264f33305004495a9","hash":"36c165e2200fdb18434ae472b56c5f28720776d1"}
}
